  dllmain.cpp
E:\files1\pycharm\job\PythonProject1\DisplayAffinityManager-main\AffinityTrans\dllmain.cpp(13,5): error C3861: “vsprintf_s”: 找不到标识符
  (编译源文件“/dllmain.cpp”)
  
E:\files1\pycharm\job\PythonProject1\DisplayAffinityManager-main\AffinityTrans\dllmain.cpp(19,6): error C2039: "string": 不是 "std" 的成员
  (编译源文件“/dllmain.cpp”)
      E:\files1\pycharm\job\PythonProject1\DisplayAffinityManager-main\AffinityTrans\predefined C++ types (compiler internal)(356,11):
      参见“std”的声明
  
E:\files1\pycharm\job\PythonProject1\DisplayAffinityManager-main\AffinityTrans\dllmain.cpp(19,6): error C4430: 缺少类型说明符 - 假定为 int。注意: C++ 不支持默认 int
  (编译源文件“/dllmain.cpp”)
  
E:\files1\pycharm\job\PythonProject1\DisplayAffinityManager-main\AffinityTrans\dllmain.cpp(19,13): error C2146: 语法错误: 缺少“;”(在标识符“GetProcessName”的前面)
  (编译源文件“/dllmain.cpp”)
  
E:\files1\pycharm\job\PythonProject1\DisplayAffinityManager-main\AffinityTrans\dllmain.cpp(19,30): error C2143: 语法错误: 缺少“;”(在“{”的前面)
  (编译源文件“/dllmain.cpp”)
  
E:\files1\pycharm\job\PythonProject1\DisplayAffinityManager-main\AffinityTrans\dllmain.cpp(19,30): error C2447: “{”: 缺少函数标题(是否是老式的形式表?)
  (编译源文件“/dllmain.cpp”)
  
E:\files1\pycharm\job\PythonProject1\DisplayAffinityManager-main\AffinityTrans\dllmain.cpp(30,10): error C2039: "string": 不是 "std" 的成员
  (编译源文件“/dllmain.cpp”)
      E:\files1\pycharm\job\PythonProject1\DisplayAffinityManager-main\AffinityTrans\predefined C++ types (compiler internal)(356,11):
      参见“std”的声明
  
E:\files1\pycharm\job\PythonProject1\DisplayAffinityManager-main\AffinityTrans\dllmain.cpp(30,17): error C2146: 语法错误: 缺少“;”(在标识符“procName”的前面)
  (编译源文件“/dllmain.cpp”)
  
E:\files1\pycharm\job\PythonProject1\DisplayAffinityManager-main\AffinityTrans\dllmain.cpp(30,17): error C2065: “procName”: 未声明的标识符
  (编译源文件“/dllmain.cpp”)
  
E:\files1\pycharm\job\PythonProject1\DisplayAffinityManager-main\AffinityTrans\dllmain.cpp(30,28): error C3861: “GetProcessName”: 找不到标识符
  (编译源文件“/dllmain.cpp”)
  
E:\files1\pycharm\job\PythonProject1\DisplayAffinityManager-main\AffinityTrans\dllmain.cpp(31,69): error C2065: “procName”: 未声明的标识符
  (编译源文件“/dllmain.cpp”)
  
E:\files1\pycharm\job\PythonProject1\DisplayAffinityManager-main\AffinityTrans\dllmain.cpp(57,71): error C2065: “procName”: 未声明的标识符
  (编译源文件“/dllmain.cpp”)
  
